
8/8/23, 10:46:41 AM - ERROR: Download of "https://fonts.gstatic.com", referred from "/Users/jwogrady/Downloads/us.sitesucker.mac.sitesucker/dycusinsurance.com/index.html", failed with error code 404 (not found)
8/8/23, 10:46:41 AM - ERROR: Download of "https://fonts.googleapis.com", referred from "/Users/jwogrady/Downloads/us.sitesucker.mac.sitesucker/dycusinsurance.com/index.html", failed with error code 404 (not found)
8/8/23, 10:46:41 AM - ERROR: Download of "https://b3209906.smushcdn.com", referred from "/Users/jwogrady/Downloads/us.sitesucker.mac.sitesucker/dycusinsurance.com/index.html", failed with error code 403 (forbidden)
8/8/23, 10:46:41 AM - ERROR: Download of "https://fonts.googleapis.com", referred from "/Users/jwogrady/Downloads/us.sitesucker.mac.sitesucker/dycusinsurance.com/power-panel/insurance-solutions/index.html", failed with error code 404 (not found)
8/8/23, 10:46:41 AM - ERROR: Download of "https://b3209906.smushcdn.com", referred from "/Users/jwogrady/Downloads/us.sitesucker.mac.sitesucker/dycusinsurance.com/power-panel/insurance-solutions/index.html", failed with error code 403 (forbidden)
8/8/23, 10:46:41 AM - ERROR: Download of "https://fonts.gstatic.com", referred from "/Users/jwogrady/Downloads/us.sitesucker.mac.sitesucker/dycusinsurance.com/power-panel/insurance-solutions/index.html", failed with error code 404 (not found)
8/8/23, 10:46:41 AM - ERROR: Download of "https://fonts.googleapis.com", referred from "/Users/jwogrady/Downloads/us.sitesucker.mac.sitesucker/dycusinsurance.com/power-panel/serving-all-50-states-and-dc/index.html", failed with error code 404 (not found)
8/8/23, 10:46:41 AM - ERROR: Download of "https://b3209906.smushcdn.com", referred from "/Users/jwogrady/Downloads/us.sitesucker.mac.sitesucker/dycusinsurance.com/power-panel/serving-all-50-states-and-dc/index.html", failed with error code 403 (forbidden)
8/8/23, 10:46:41 AM - ERROR: Download of "https://fonts.gstatic.com", referred from "/Users/jwogrady/Downloads/us.sitesucker.mac.sitesucker/dycusinsurance.com/power-panel/serving-all-50-states-and-dc/index.html", failed with error code 404 (not found)
8/8/23, 10:46:41 AM - ERROR: Download of "https://fonts.googleapis.com", referred from "/Users/jwogrady/Downloads/us.sitesucker.mac.sitesucker/dycusinsurance.com/power-panel/request-a-quote/index.html", failed with error code 404 (not found)
8/8/23, 10:46:41 AM - ERROR: Download of "https://b3209906.smushcdn.com", referred from "/Users/jwogrady/Downloads/us.sitesucker.mac.sitesucker/dycusinsurance.com/power-panel/request-a-quote/index.html", failed with error code 403 (forbidden)
8/8/23, 10:46:41 AM - ERROR: Download of "https://fonts.gstatic.com", referred from "/Users/jwogrady/Downloads/us.sitesucker.mac.sitesucker/dycusinsurance.com/power-panel/request-a-quote/index.html", failed with error code 404 (not found)
8/8/23, 10:46:41 AM - ERROR: Download of "https://dycusinsurance.com/xmlrpc.php?rsd", referred from "/Users/jwogrady/Downloads/us.sitesucker.mac.sitesucker/dycusinsurance.com/index.html", failed with error code 403 (forbidden)
8/8/23, 10:46:41 AM - ERROR: Download of "https://dycusinsurance.com/xmlrpc.php?rsd", referred from "/Users/jwogrady/Downloads/us.sitesucker.mac.sitesucker/dycusinsurance.com/power-panel/insurance-solutions/index.html", failed with error code 403 (forbidden)
8/8/23, 10:46:41 AM - ERROR: Download of "https://dycusinsurance.com/xmlrpc.php?rsd", referred from "/Users/jwogrady/Downloads/us.sitesucker.mac.sitesucker/dycusinsurance.com/power-panel/serving-all-50-states-and-dc/index.html", failed with error code 403 (forbidden)
8/8/23, 10:46:41 AM - ERROR: Download of "https://dycusinsurance.com/xmlrpc.php?rsd", referred from "/Users/jwogrady/Downloads/us.sitesucker.mac.sitesucker/dycusinsurance.com/power-panel/request-a-quote/index.html", failed with error code 403 (forbidden)
8/8/23, 10:46:41 AM - ERROR: Download of "https://fonts.googleapis.com", referred from "/Users/jwogrady/Downloads/us.sitesucker.mac.sitesucker/dycusinsurance.com/insurance-solutions/index.html", failed with error code 404 (not found)
8/8/23, 10:46:41 AM - ERROR: Download of "https://b3209906.smushcdn.com", referred from "/Users/jwogrady/Downloads/us.sitesucker.mac.sitesucker/dycusinsurance.com/insurance-solutions/index.html", failed with error code 403 (forbidden)
8/8/23, 10:46:41 AM - ERROR: Download of "https://fonts.gstatic.com", referred from "/Users/jwogrady/Downloads/us.sitesucker.mac.sitesucker/dycusinsurance.com/insurance-solutions/index.html", failed with error code 404 (not found)
8/8/23, 10:46:41 AM - ERROR: Download of "https://dycusinsurance.com/xmlrpc.php?rsd", referred from "/Users/jwogrady/Downloads/us.sitesucker.mac.sitesucker/dycusinsurance.com/insurance-solutions/index.html", failed with error code 403 (forbidden)
8/8/23, 10:46:41 AM - ERROR: Download of "https://fonts.googleapis.com", referred from "/Users/jwogrady/Downloads/us.sitesucker.mac.sitesucker/dycusinsurance.com/business-insurance/trucking-insurance/index.html", failed with error code 404 (not found)
8/8/23, 10:46:41 AM - ERROR: Download of "https://b3209906.smushcdn.com", referred from "/Users/jwogrady/Downloads/us.sitesucker.mac.sitesucker/dycusinsurance.com/business-insurance/trucking-insurance/index.html", failed with error code 403 (forbidden)
8/8/23, 10:46:41 AM - ERROR: Download of "https://fonts.gstatic.com", referred from "/Users/jwogrady/Downloads/us.sitesucker.mac.sitesucker/dycusinsurance.com/business-insurance/trucking-insurance/index.html", failed with error code 404 (not found)
8/8/23, 10:46:41 AM - ERROR: Download of "https://dycusinsurance.com/xmlrpc.php?rsd", referred from "/Users/jwogrady/Downloads/us.sitesucker.mac.sitesucker/dycusinsurance.com/business-insurance/trucking-insurance/index.html", failed with error code 403 (forbidden)
8/8/23, 10:46:41 AM - ERROR: Download of "https://fonts.googleapis.com", referred from "/Users/jwogrady/Downloads/us.sitesucker.mac.sitesucker/dycusinsurance.com/business-insurance/index.html", failed with error code 404 (not found)
8/8/23, 10:46:41 AM - ERROR: Download of "https://b3209906.smushcdn.com", referred from "/Users/jwogrady/Downloads/us.sitesucker.mac.sitesucker/dycusinsurance.com/business-insurance/index.html", failed with error code 403 (forbidden)
8/8/23, 10:46:41 AM - ERROR: Download of "https://fonts.gstatic.com", referred from "/Users/jwogrady/Downloads/us.sitesucker.mac.sitesucker/dycusinsurance.com/business-insurance/index.html", failed with error code 404 (not found)
8/8/23, 10:46:41 AM - ERROR: Download of "https://fonts.googleapis.com", referred from "/Users/jwogrady/Downloads/us.sitesucker.mac.sitesucker/dycusinsurance.com/business-insurance/transportation-insurance/index.html", failed with error code 404 (not found)
8/8/23, 10:46:41 AM - ERROR: Download of "https://b3209906.smushcdn.com", referred from "/Users/jwogrady/Downloads/us.sitesucker.mac.sitesucker/dycusinsurance.com/business-insurance/transportation-insurance/index.html", failed with error code 403 (forbidden)
8/8/23, 10:46:41 AM - ERROR: Download of "https://fonts.gstatic.com", referred from "/Users/jwogrady/Downloads/us.sitesucker.mac.sitesucker/dycusinsurance.com/business-insurance/transportation-insurance/index.html", failed with error code 404 (not found)
8/8/23, 10:46:41 AM - ERROR: Download of "https://fonts.googleapis.com", referred from "/Users/jwogrady/Downloads/us.sitesucker.mac.sitesucker/dycusinsurance.com/business-insurance/fleet-insurance/index.html", failed with error code 404 (not found)
8/8/23, 10:46:41 AM - ERROR: Download of "https://b3209906.smushcdn.com", referred from "/Users/jwogrady/Downloads/us.sitesucker.mac.sitesucker/dycusinsurance.com/business-insurance/fleet-insurance/index.html", failed with error code 403 (forbidden)
8/8/23, 10:46:41 AM - ERROR: Download of "https://fonts.gstatic.com", referred from "/Users/jwogrady/Downloads/us.sitesucker.mac.sitesucker/dycusinsurance.com/business-insurance/fleet-insurance/index.html", failed with error code 404 (not found)
8/8/23, 10:46:41 AM - ERROR: Download of "https://dycusinsurance.com/xmlrpc.php?rsd", referred from "/Users/jwogrady/Downloads/us.sitesucker.mac.sitesucker/dycusinsurance.com/business-insurance/index.html", failed with error code 403 (forbidden)
8/8/23, 10:46:41 AM - ERROR: Download of "https://dycusinsurance.com/xmlrpc.php?rsd", referred from "/Users/jwogrady/Downloads/us.sitesucker.mac.sitesucker/dycusinsurance.com/business-insurance/transportation-insurance/index.html", failed with error code 403 (forbidden)
8/8/23, 10:46:41 AM - ERROR: Download of "https://fonts.googleapis.com", referred from "/Users/jwogrady/Downloads/us.sitesucker.mac.sitesucker/dycusinsurance.com/business-insurance/business-auto-insurance/index.html", failed with error code 404 (not found)
8/8/23, 10:46:41 AM - ERROR: Download of "https://dycusinsurance.com/xmlrpc.php?rsd", referred from "/Users/jwogrady/Downloads/us.sitesucker.mac.sitesucker/dycusinsurance.com/business-insurance/fleet-insurance/index.html", failed with error code 403 (forbidden)
8/8/23, 10:46:41 AM - ERROR: Download of "https://b3209906.smushcdn.com", referred from "/Users/jwogrady/Downloads/us.sitesucker.mac.sitesucker/dycusinsurance.com/business-insurance/business-auto-insurance/index.html", failed with error code 403 (forbidden)
8/8/23, 10:46:41 AM - ERROR: Download of "https://fonts.gstatic.com", referred from "/Users/jwogrady/Downloads/us.sitesucker.mac.sitesucker/dycusinsurance.com/business-insurance/business-auto-insurance/index.html", failed with error code 404 (not found)
8/8/23, 10:46:41 AM - ERROR: Download of "https://dycusinsurance.com/xmlrpc.php?rsd", referred from "/Users/jwogrady/Downloads/us.sitesucker.mac.sitesucker/dycusinsurance.com/business-insurance/business-auto-insurance/index.html", failed with error code 403 (forbidden)
8/8/23, 10:46:42 AM - ERROR: Download of "https://fonts.googleapis.com", referred from "/Users/jwogrady/Downloads/us.sitesucker.mac.sitesucker/dycusinsurance.com/business-insurance/general-liability-insurance/index.html", failed with error code 404 (not found)
8/8/23, 10:46:42 AM - ERROR: Download of "https://b3209906.smushcdn.com", referred from "/Users/jwogrady/Downloads/us.sitesucker.mac.sitesucker/dycusinsurance.com/business-insurance/general-liability-insurance/index.html", failed with error code 403 (forbidden)
8/8/23, 10:46:42 AM - ERROR: Download of "https://fonts.gstatic.com", referred from "/Users/jwogrady/Downloads/us.sitesucker.mac.sitesucker/dycusinsurance.com/business-insurance/general-liability-insurance/index.html", failed with error code 404 (not found)
8/8/23, 10:46:42 AM - ERROR: Download of "https://fonts.googleapis.com", referred from "/Users/jwogrady/Downloads/us.sitesucker.mac.sitesucker/dycusinsurance.com/personal-insurance/index.html", failed with error code 404 (not found)
8/8/23, 10:46:42 AM - ERROR: Download of "https://b3209906.smushcdn.com", referred from "/Users/jwogrady/Downloads/us.sitesucker.mac.sitesucker/dycusinsurance.com/personal-insurance/index.html", failed with error code 403 (forbidden)
8/8/23, 10:46:42 AM - ERROR: Download of "https://fonts.gstatic.com", referred from "/Users/jwogrady/Downloads/us.sitesucker.mac.sitesucker/dycusinsurance.com/personal-insurance/index.html", failed with error code 404 (not found)
8/8/23, 10:46:42 AM - ERROR: Download of "https://fonts.googleapis.com", referred from "/Users/jwogrady/Downloads/us.sitesucker.mac.sitesucker/dycusinsurance.com/personal-insurance/individual-life-insurance/index.html", failed with error code 404 (not found)
8/8/23, 10:46:42 AM - ERROR: Download of "https://b3209906.smushcdn.com", referred from "/Users/jwogrady/Downloads/us.sitesucker.mac.sitesucker/dycusinsurance.com/personal-insurance/individual-life-insurance/index.html", failed with error code 403 (forbidden)
8/8/23, 10:46:42 AM - ERROR: Download of "https://fonts.gstatic.com", referred from "/Users/jwogrady/Downloads/us.sitesucker.mac.sitesucker/dycusinsurance.com/personal-insurance/individual-life-insurance/index.html", failed with error code 404 (not found)
8/8/23, 10:46:42 AM - ERROR: Download of "https://fonts.googleapis.com", referred from "/Users/jwogrady/Downloads/us.sitesucker.mac.sitesucker/dycusinsurance.com/personal-insurance/auto-insurance/index.html", failed with error code 404 (not found)
8/8/23, 10:46:42 AM - ERROR: Download of "https://b3209906.smushcdn.com", referred from "/Users/jwogrady/Downloads/us.sitesucker.mac.sitesucker/dycusinsurance.com/personal-insurance/auto-insurance/index.html", failed with error code 403 (forbidden)
8/8/23, 10:46:42 AM - ERROR: Download of "https://dycusinsurance.com/xmlrpc.php?rsd", referred from "/Users/jwogrady/Downloads/us.sitesucker.mac.sitesucker/dycusinsurance.com/business-insurance/general-liability-insurance/index.html", failed with error code 403 (forbidden)
8/8/23, 10:46:42 AM - ERROR: Download of "https://fonts.gstatic.com", referred from "/Users/jwogrady/Downloads/us.sitesucker.mac.sitesucker/dycusinsurance.com/personal-insurance/auto-insurance/index.html", failed with error code 404 (not found)
8/8/23, 10:46:42 AM - ERROR: Download of "https://fonts.googleapis.com", referred from "/Users/jwogrady/Downloads/us.sitesucker.mac.sitesucker/dycusinsurance.com/personal-insurance/motorcycle-insurance/index.html", failed with error code 404 (not found)
8/8/23, 10:46:42 AM - ERROR: Download of "https://b3209906.smushcdn.com", referred from "/Users/jwogrady/Downloads/us.sitesucker.mac.sitesucker/dycusinsurance.com/personal-insurance/motorcycle-insurance/index.html", failed with error code 403 (forbidden)
8/8/23, 10:46:42 AM - ERROR: Download of "https://fonts.gstatic.com", referred from "/Users/jwogrady/Downloads/us.sitesucker.mac.sitesucker/dycusinsurance.com/personal-insurance/motorcycle-insurance/index.html", failed with error code 404 (not found)
8/8/23, 10:46:42 AM - ERROR: Download of "https://dycusinsurance.com/xmlrpc.php?rsd", referred from "/Users/jwogrady/Downloads/us.sitesucker.mac.sitesucker/dycusinsurance.com/personal-insurance/index.html", failed with error code 403 (forbidden)
8/8/23, 10:46:42 AM - ERROR: Download of "https://dycusinsurance.com/xmlrpc.php?rsd", referred from "/Users/jwogrady/Downloads/us.sitesucker.mac.sitesucker/dycusinsurance.com/personal-insurance/individual-life-insurance/index.html", failed with error code 403 (forbidden)
8/8/23, 10:46:42 AM - ERROR: Download of "https://dycusinsurance.com/xmlrpc.php?rsd", referred from "/Users/jwogrady/Downloads/us.sitesucker.mac.sitesucker/dycusinsurance.com/personal-insurance/auto-insurance/index.html", failed with error code 403 (forbidden)
8/8/23, 10:46:42 AM - ERROR: Download of "https://dycusinsurance.com/xmlrpc.php?rsd", referred from "/Users/jwogrady/Downloads/us.sitesucker.mac.sitesucker/dycusinsurance.com/personal-insurance/motorcycle-insurance/index.html", failed with error code 403 (forbidden)
8/8/23, 10:46:42 AM - ERROR: Download of "https://fonts.googleapis.com", referred from "/Users/jwogrady/Downloads/us.sitesucker.mac.sitesucker/dycusinsurance.com/clickable-coverage/index.html", failed with error code 404 (not found)
8/8/23, 10:46:42 AM - ERROR: Download of "https://b3209906.smushcdn.com", referred from "/Users/jwogrady/Downloads/us.sitesucker.mac.sitesucker/dycusinsurance.com/clickable-coverage/index.html", failed with error code 403 (forbidden)
8/8/23, 10:46:42 AM - ERROR: Download of "https://fonts.googleapis.com", referred from "/Users/jwogrady/Downloads/us.sitesucker.mac.sitesucker/dycusinsurance.com/service-center/request-certificate/index.html", failed with error code 404 (not found)
8/8/23, 10:46:42 AM - ERROR: Download of "https://fonts.gstatic.com", referred from "/Users/jwogrady/Downloads/us.sitesucker.mac.sitesucker/dycusinsurance.com/clickable-coverage/index.html", failed with error code 404 (not found)
8/8/23, 10:46:42 AM - ERROR: Download of "https://b3209906.smushcdn.com", referred from "/Users/jwogrady/Downloads/us.sitesucker.mac.sitesucker/dycusinsurance.com/service-center/request-certificate/index.html", failed with error code 403 (forbidden)
8/8/23, 10:46:42 AM - ERROR: Download of "https://fonts.gstatic.com", referred from "/Users/jwogrady/Downloads/us.sitesucker.mac.sitesucker/dycusinsurance.com/service-center/request-certificate/index.html", failed with error code 404 (not found)
8/8/23, 10:46:42 AM - ERROR: Download of "https://fonts.googleapis.com", referred from "/Users/jwogrady/Downloads/us.sitesucker.mac.sitesucker/dycusinsurance.com/personal-insurance/individual-retirement-account/index.html", failed with error code 404 (not found)
8/8/23, 10:46:42 AM - ERROR: Download of "https://b3209906.smushcdn.com", referred from "/Users/jwogrady/Downloads/us.sitesucker.mac.sitesucker/dycusinsurance.com/personal-insurance/individual-retirement-account/index.html", failed with error code 403 (forbidden)
8/8/23, 10:46:42 AM - ERROR: Download of "https://fonts.googleapis.com", referred from "/Users/jwogrady/Downloads/us.sitesucker.mac.sitesucker/dycusinsurance.com/service-center/policy-review/index.html", failed with error code 404 (not found)
8/8/23, 10:46:42 AM - ERROR: Download of "https://fonts.gstatic.com", referred from "/Users/jwogrady/Downloads/us.sitesucker.mac.sitesucker/dycusinsurance.com/personal-insurance/individual-retirement-account/index.html", failed with error code 404 (not found)
8/8/23, 10:46:42 AM - ERROR: Download of "https://b3209906.smushcdn.com", referred from "/Users/jwogrady/Downloads/us.sitesucker.mac.sitesucker/dycusinsurance.com/service-center/policy-review/index.html", failed with error code 403 (forbidden)
8/8/23, 10:46:42 AM - ERROR: Download of "https://fonts.gstatic.com", referred from "/Users/jwogrady/Downloads/us.sitesucker.mac.sitesucker/dycusinsurance.com/service-center/policy-review/index.html", failed with error code 404 (not found)
8/8/23, 10:46:42 AM - ERROR: Download of "https://fonts.googleapis.com", referred from "/Users/jwogrady/Downloads/us.sitesucker.mac.sitesucker/dycusinsurance.com/service-center/index.html", failed with error code 404 (not found)
8/8/23, 10:46:42 AM - ERROR: Download of "https://fonts.googleapis.com", referred from "/Users/jwogrady/Downloads/us.sitesucker.mac.sitesucker/dycusinsurance.com/service-center/request-auto-id-card/index.html", failed with error code 404 (not found)
8/8/23, 10:46:42 AM - ERROR: Download of "https://b3209906.smushcdn.com", referred from "/Users/jwogrady/Downloads/us.sitesucker.mac.sitesucker/dycusinsurance.com/service-center/index.html", failed with error code 403 (forbidden)
8/8/23, 10:46:42 AM - ERROR: Download of "https://fonts.googleapis.com", referred from "/Users/jwogrady/Downloads/us.sitesucker.mac.sitesucker/dycusinsurance.com/personal-insurance/personal-injury-protection-pip-insurance/index.html", failed with error code 404 (not found)
8/8/23, 10:46:42 AM - ERROR: Download of "https://b3209906.smushcdn.com", referred from "/Users/jwogrady/Downloads/us.sitesucker.mac.sitesucker/dycusinsurance.com/service-center/request-auto-id-card/index.html", failed with error code 403 (forbidden)
8/8/23, 10:46:42 AM - ERROR: Download of "https://fonts.gstatic.com", referred from "/Users/jwogrady/Downloads/us.sitesucker.mac.sitesucker/dycusinsurance.com/service-center/index.html", failed with error code 404 (not found)
8/8/23, 10:46:42 AM - ERROR: Download of "https://b3209906.smushcdn.com", referred from "/Users/jwogrady/Downloads/us.sitesucker.mac.sitesucker/dycusinsurance.com/personal-insurance/personal-injury-protection-pip-insurance/index.html", failed with error code 403 (forbidden)
8/8/23, 10:46:42 AM - ERROR: Download of "https://fonts.googleapis.com", referred from "/Users/jwogrady/Downloads/us.sitesucker.mac.sitesucker/dycusinsurance.com/service-center/report-a-claim/index.html", failed with error code 404 (not found)
8/8/23, 10:46:42 AM - ERROR: Download of "https://fonts.gstatic.com", referred from "/Users/jwogrady/Downloads/us.sitesucker.mac.sitesucker/dycusinsurance.com/personal-insurance/personal-injury-protection-pip-insurance/index.html", failed with error code 404 (not found)
8/8/23, 10:46:42 AM - ERROR: Download of "https://fonts.gstatic.com", referred from "/Users/jwogrady/Downloads/us.sitesucker.mac.sitesucker/dycusinsurance.com/service-center/request-auto-id-card/index.html", failed with error code 404 (not found)
8/8/23, 10:46:42 AM - ERROR: Download of "https://b3209906.smushcdn.com", referred from "/Users/jwogrady/Downloads/us.sitesucker.mac.sitesucker/dycusinsurance.com/service-center/report-a-claim/index.html", failed with error code 403 (forbidden)
8/8/23, 10:46:42 AM - ERROR: Download of "https://fonts.gstatic.com", referred from "/Users/jwogrady/Downloads/us.sitesucker.mac.sitesucker/dycusinsurance.com/service-center/report-a-claim/index.html", failed with error code 404 (not found)
8/8/23, 10:46:42 AM - ERROR: Download of "https://dycusinsurance.com/xmlrpc.php?rsd", referred from "/Users/jwogrady/Downloads/us.sitesucker.mac.sitesucker/dycusinsurance.com/clickable-coverage/index.html", failed with error code 403 (forbidden)
8/8/23, 10:46:42 AM - ERROR: Download of "https://dycusinsurance.com/xmlrpc.php?rsd", referred from "/Users/jwogrady/Downloads/us.sitesucker.mac.sitesucker/dycusinsurance.com/service-center/request-certificate/index.html", failed with error code 403 (forbidden)
8/8/23, 10:46:42 AM - ERROR: Download of "https://dycusinsurance.com/xmlrpc.php?rsd", referred from "/Users/jwogrady/Downloads/us.sitesucker.mac.sitesucker/dycusinsurance.com/service-center/index.html", failed with error code 403 (forbidden)
8/8/23, 10:46:42 AM - ERROR: Download of "https://dycusinsurance.com/xmlrpc.php?rsd", referred from "/Users/jwogrady/Downloads/us.sitesucker.mac.sitesucker/dycusinsurance.com/personal-insurance/individual-retirement-account/index.html", failed with error code 403 (forbidden)
8/8/23, 10:46:42 AM - ERROR: Download of "https://dycusinsurance.com/xmlrpc.php?rsd", referred from "/Users/jwogrady/Downloads/us.sitesucker.mac.sitesucker/dycusinsurance.com/service-center/policy-review/index.html", failed with error code 403 (forbidden)
8/8/23, 10:46:42 AM - ERROR: Download of "https://dycusinsurance.com/xmlrpc.php?rsd", referred from "/Users/jwogrady/Downloads/us.sitesucker.mac.sitesucker/dycusinsurance.com/service-center/request-auto-id-card/index.html", failed with error code 403 (forbidden)
8/8/23, 10:46:42 AM - ERROR: Download of "https://dycusinsurance.com/xmlrpc.php?rsd", referred from "/Users/jwogrady/Downloads/us.sitesucker.mac.sitesucker/dycusinsurance.com/personal-insurance/personal-injury-protection-pip-insurance/index.html", failed with error code 403 (forbidden)
8/8/23, 10:46:42 AM - ERROR: Download of "https://dycusinsurance.com/xmlrpc.php?rsd", referred from "/Users/jwogrady/Downloads/us.sitesucker.mac.sitesucker/dycusinsurance.com/service-center/report-a-claim/index.html", failed with error code 403 (forbidden)
8/8/23, 10:46:42 AM - ERROR: Download of "https://fonts.googleapis.com", referred from "/Users/jwogrady/Downloads/us.sitesucker.mac.sitesucker/dycusinsurance.com/about-our-agency/we-are-independent/index.html", failed with error code 404 (not found)
8/8/23, 10:46:42 AM - ERROR: Download of "https://b3209906.smushcdn.com", referred from "/Users/jwogrady/Downloads/us.sitesucker.mac.sitesucker/dycusinsurance.com/about-our-agency/we-are-independent/index.html", failed with error code 403 (forbidden)
8/8/23, 10:46:42 AM - ERROR: Download of "https://fonts.gstatic.com", referred from "/Users/jwogrady/Downloads/us.sitesucker.mac.sitesucker/dycusinsurance.com/about-our-agency/we-are-independent/index.html", failed with error code 404 (not found)
8/8/23, 10:46:42 AM - ERROR: Download of "https://fonts.googleapis.com", referred from "/Users/jwogrady/Downloads/us.sitesucker.mac.sitesucker/dycusinsurance.com/contact/review-us/index.html", failed with error code 404 (not found)
8/8/23, 10:46:42 AM - ERROR: Download of "https://fonts.googleapis.com", referred from "/Users/jwogrady/Downloads/us.sitesucker.mac.sitesucker/dycusinsurance.com/contact/refer-us/index.html", failed with error code 404 (not found)
8/8/23, 10:46:42 AM - ERROR: Download of "https://b3209906.smushcdn.com", referred from "/Users/jwogrady/Downloads/us.sitesucker.mac.sitesucker/dycusinsurance.com/contact/refer-us/index.html", failed with error code 403 (forbidden)
8/8/23, 10:46:42 AM - ERROR: Download of "https://fonts.googleapis.com", referred from "/Users/jwogrady/Downloads/us.sitesucker.mac.sitesucker/dycusinsurance.com/contact/index.html", failed with error code 404 (not found)
8/8/23, 10:46:42 AM - ERROR: Download of "https://b3209906.smushcdn.com", referred from "/Users/jwogrady/Downloads/us.sitesucker.mac.sitesucker/dycusinsurance.com/contact/review-us/index.html", failed with error code 403 (forbidden)
8/8/23, 10:46:42 AM - ERROR: Download of "https://fonts.googleapis.com", referred from "/Users/jwogrady/Downloads/us.sitesucker.mac.sitesucker/dycusinsurance.com/service-center/request-policy-change/index.html", failed with error code 404 (not found)
8/8/23, 10:46:42 AM - ERROR: Download of "https://fonts.gstatic.com", referred from "/Users/jwogrady/Downloads/us.sitesucker.mac.sitesucker/dycusinsurance.com/contact/refer-us/index.html", failed with error code 404 (not found)
8/8/23, 10:46:42 AM - ERROR: Download of "https://b3209906.smushcdn.com", referred from "/Users/jwogrady/Downloads/us.sitesucker.mac.sitesucker/dycusinsurance.com/contact/index.html", failed with error code 403 (forbidden)
8/8/23, 10:46:42 AM - ERROR: Download of "https://fonts.gstatic.com", referred from "/Users/jwogrady/Downloads/us.sitesucker.mac.sitesucker/dycusinsurance.com/contact/review-us/index.html", failed with error code 404 (not found)
8/8/23, 10:46:42 AM - ERROR: Download of "https://b3209906.smushcdn.com", referred from "/Users/jwogrady/Downloads/us.sitesucker.mac.sitesucker/dycusinsurance.com/service-center/request-policy-change/index.html", failed with error code 403 (forbidden)
8/8/23, 10:46:42 AM - ERROR: Download of "https://fonts.gstatic.com", referred from "/Users/jwogrady/Downloads/us.sitesucker.mac.sitesucker/dycusinsurance.com/contact/index.html", failed with error code 404 (not found)
8/8/23, 10:46:42 AM - ERROR: Download of "https://fonts.gstatic.com", referred from "/Users/jwogrady/Downloads/us.sitesucker.mac.sitesucker/dycusinsurance.com/service-center/request-policy-change/index.html", failed with error code 404 (not found)
8/8/23, 10:46:42 AM - ERROR: Download of "https://fonts.googleapis.com", referred from "/Users/jwogrady/Downloads/us.sitesucker.mac.sitesucker/dycusinsurance.com/about-our-agency/join-our-team/index.html", failed with error code 404 (not found)
8/8/23, 10:46:42 AM - ERROR: Download of "https://b3209906.smushcdn.com", referred from "/Users/jwogrady/Downloads/us.sitesucker.mac.sitesucker/dycusinsurance.com/about-our-agency/join-our-team/index.html", failed with error code 403 (forbidden)
8/8/23, 10:46:42 AM - ERROR: Download of "https://fonts.gstatic.com", referred from "/Users/jwogrady/Downloads/us.sitesucker.mac.sitesucker/dycusinsurance.com/about-our-agency/join-our-team/index.html", failed with error code 404 (not found)
8/8/23, 10:46:42 AM - ERROR: Download of "https://dycusinsurance.com/xmlrpc.php?rsd", referred from "/Users/jwogrady/Downloads/us.sitesucker.mac.sitesucker/dycusinsurance.com/service-center/request-policy-change/index.html", failed with error code 403 (forbidden)
8/8/23, 10:46:42 AM - ERROR: Download of "https://dycusinsurance.com/xmlrpc.php?rsd", referred from "/Users/jwogrady/Downloads/us.sitesucker.mac.sitesucker/dycusinsurance.com/contact/refer-us/index.html", failed with error code 403 (forbidden)
8/8/23, 10:46:42 AM - ERROR: Download of "https://dycusinsurance.com/xmlrpc.php?rsd", referred from "/Users/jwogrady/Downloads/us.sitesucker.mac.sitesucker/dycusinsurance.com/contact/review-us/index.html", failed with error code 403 (forbidden)
8/8/23, 10:46:42 AM - ERROR: Download of "https://dycusinsurance.com/xmlrpc.php?rsd", referred from "/Users/jwogrady/Downloads/us.sitesucker.mac.sitesucker/dycusinsurance.com/about-our-agency/we-are-independent/index.html", failed with error code 403 (forbidden)
8/8/23, 10:46:42 AM - ERROR: Download of "https://dycusinsurance.com/xmlrpc.php?rsd", referred from "/Users/jwogrady/Downloads/us.sitesucker.mac.sitesucker/dycusinsurance.com/contact/index.html", failed with error code 403 (forbidden)
8/8/23, 10:46:42 AM - ERROR: Download of "https://dycusinsurance.com/xmlrpc.php?rsd", referred from "/Users/jwogrady/Downloads/us.sitesucker.mac.sitesucker/dycusinsurance.com/about-our-agency/join-our-team/index.html", failed with error code 403 (forbidden)
8/8/23, 10:46:42 AM - ERROR: Download of "https://fonts.googleapis.com", referred from "/Users/jwogrady/Downloads/us.sitesucker.mac.sitesucker/dycusinsurance.com/about-our-agency/meet-our-team/index.html", failed with error code 404 (not found)
8/8/23, 10:46:42 AM - ERROR: Download of "https://b3209906.smushcdn.com", referred from "/Users/jwogrady/Downloads/us.sitesucker.mac.sitesucker/dycusinsurance.com/about-our-agency/meet-our-team/index.html", failed with error code 403 (forbidden)
8/8/23, 10:46:42 AM - ERROR: Download of "https://fonts.gstatic.com", referred from "/Users/jwogrady/Downloads/us.sitesucker.mac.sitesucker/dycusinsurance.com/about-our-agency/meet-our-team/index.html", failed with error code 404 (not found)
8/8/23, 10:46:42 AM - ERROR: Download of "https://dycusinsurance.com/xmlrpc.php?rsd", referred from "/Users/jwogrady/Downloads/us.sitesucker.mac.sitesucker/dycusinsurance.com/about-our-agency/meet-our-team/index.html", failed with error code 403 (forbidden)
8/8/23, 10:46:42 AM - ERROR: Download of "https://fonts.googleapis.com", referred from "/Users/jwogrady/Downloads/us.sitesucker.mac.sitesucker/dycusinsurance.com/request-quote/index.html", failed with error code 404 (not found)
8/8/23, 10:46:42 AM - ERROR: Download of "https://b3209906.smushcdn.com", referred from "/Users/jwogrady/Downloads/us.sitesucker.mac.sitesucker/dycusinsurance.com/request-quote/index.html", failed with error code 403 (forbidden)
8/8/23, 10:46:42 AM - ERROR: Download of "https://fonts.gstatic.com", referred from "/Users/jwogrady/Downloads/us.sitesucker.mac.sitesucker/dycusinsurance.com/request-quote/index.html", failed with error code 404 (not found)
8/8/23, 10:46:42 AM - ERROR: Download of "https://fonts.googleapis.com", referred from "/Users/jwogrady/Downloads/us.sitesucker.mac.sitesucker/dycusinsurance.com/contact/fort-worth-tx-insurance/index.html", failed with error code 404 (not found)
8/8/23, 10:46:42 AM - ERROR: Download of "https://b3209906.smushcdn.com", referred from "/Users/jwogrady/Downloads/us.sitesucker.mac.sitesucker/dycusinsurance.com/contact/fort-worth-tx-insurance/index.html", failed with error code 403 (forbidden)
8/8/23, 10:46:42 AM - ERROR: Download of "https://fonts.gstatic.com", referred from "/Users/jwogrady/Downloads/us.sitesucker.mac.sitesucker/dycusinsurance.com/contact/fort-worth-tx-insurance/index.html", failed with error code 404 (not found)
8/8/23, 10:46:42 AM - ERROR: Download of "https://dycusinsurance.com/xmlrpc.php?rsd", referred from "/Users/jwogrady/Downloads/us.sitesucker.mac.sitesucker/dycusinsurance.com/request-quote/index.html", failed with error code 403 (forbidden)
8/8/23, 10:46:42 AM - ERROR: Download of "https://dycusinsurance.com/xmlrpc.php?rsd", referred from "/Users/jwogrady/Downloads/us.sitesucker.mac.sitesucker/dycusinsurance.com/contact/fort-worth-tx-insurance/index.html", failed with error code 403 (forbidden)
8/8/23, 10:46:42 AM - ERROR: Download of "https://fonts.googleapis.com", referred from "/Users/jwogrady/Downloads/us.sitesucker.mac.sitesucker/dycusinsurance.com/web-accessibility/index.html", failed with error code 404 (not found)
8/8/23, 10:46:42 AM - ERROR: Download of "https://b3209906.smushcdn.com", referred from "/Users/jwogrady/Downloads/us.sitesucker.mac.sitesucker/dycusinsurance.com/web-accessibility/index.html", failed with error code 403 (forbidden)
8/8/23, 10:46:42 AM - ERROR: Download of "https://fonts.gstatic.com", referred from "/Users/jwogrady/Downloads/us.sitesucker.mac.sitesucker/dycusinsurance.com/web-accessibility/index.html", failed with error code 404 (not found)
8/8/23, 10:46:42 AM - ERROR: Download of "https://dycusinsurance.com/xmlrpc.php?rsd", referred from "/Users/jwogrady/Downloads/us.sitesucker.mac.sitesucker/dycusinsurance.com/web-accessibility/index.html", failed with error code 403 (forbidden)
8/8/23, 10:46:42 AM - ERROR: Download of "https://fonts.googleapis.com", referred from "/Users/jwogrady/Downloads/us.sitesucker.mac.sitesucker/dycusinsurance.com/about-our-agency/index.html", failed with error code 404 (not found)
8/8/23, 10:46:42 AM - ERROR: Download of "https://b3209906.smushcdn.com", referred from "/Users/jwogrady/Downloads/us.sitesucker.mac.sitesucker/dycusinsurance.com/about-our-agency/index.html", failed with error code 403 (forbidden)
8/8/23, 10:46:42 AM - ERROR: Download of "https://fonts.gstatic.com", referred from "/Users/jwogrady/Downloads/us.sitesucker.mac.sitesucker/dycusinsurance.com/about-our-agency/index.html", failed with error code 404 (not found)
8/8/23, 10:46:42 AM - ERROR: Download of "https://dycusinsurance.com/xmlrpc.php?rsd", referred from "/Users/jwogrady/Downloads/us.sitesucker.mac.sitesucker/dycusinsurance.com/about-our-agency/index.html", failed with error code 403 (forbidden)
8/8/23, 10:46:43 AM - ERROR: Download of "https://fonts.googleapis.com", referred from "/Users/jwogrady/Downloads/us.sitesucker.mac.sitesucker/dycusinsurance.com/privacy-policy/index.html", failed with error code 404 (not found)
8/8/23, 10:46:43 AM - ERROR: Download of "https://b3209906.smushcdn.com", referred from "/Users/jwogrady/Downloads/us.sitesucker.mac.sitesucker/dycusinsurance.com/privacy-policy/index.html", failed with error code 403 (forbidden)
8/8/23, 10:46:43 AM - ERROR: Download of "https://fonts.gstatic.com", referred from "/Users/jwogrady/Downloads/us.sitesucker.mac.sitesucker/dycusinsurance.com/privacy-policy/index.html", failed with error code 404 (not found)
8/8/23, 10:46:43 AM - ERROR: Download of "https://dycusinsurance.com/xmlrpc.php?rsd", referred from "/Users/jwogrady/Downloads/us.sitesucker.mac.sitesucker/dycusinsurance.com/privacy-policy/index.html", failed with error code 403 (forbidden)
8/8/23, 10:46:44 AM - ERROR: Download of "https://fonts.googleapis.com", referred from "/Users/jwogrady/Downloads/us.sitesucker.mac.sitesucker/dycusinsurance.com/business-insurance/surety-bond/index.html", failed with error code 404 (not found)
8/8/23, 10:46:44 AM - ERROR: Download of "https://b3209906.smushcdn.com", referred from "/Users/jwogrady/Downloads/us.sitesucker.mac.sitesucker/dycusinsurance.com/business-insurance/surety-bond/index.html", failed with error code 403 (forbidden)
8/8/23, 10:46:44 AM - ERROR: Download of "https://fonts.gstatic.com", referred from "/Users/jwogrady/Downloads/us.sitesucker.mac.sitesucker/dycusinsurance.com/business-insurance/surety-bond/index.html", failed with error code 404 (not found)
8/8/23, 10:46:44 AM - ERROR: Download of "https://fonts.googleapis.com", referred from "/Users/jwogrady/Downloads/us.sitesucker.mac.sitesucker/dycusinsurance.com/business-insurance/inland-marine-insurance/index.html", failed with error code 404 (not found)
8/8/23, 10:46:44 AM - ERROR: Download of "https://b3209906.smushcdn.com", referred from "/Users/jwogrady/Downloads/us.sitesucker.mac.sitesucker/dycusinsurance.com/business-insurance/inland-marine-insurance/index.html", failed with error code 403 (forbidden)
8/8/23, 10:46:44 AM - ERROR: Download of "https://fonts.gstatic.com", referred from "/Users/jwogrady/Downloads/us.sitesucker.mac.sitesucker/dycusinsurance.com/business-insurance/inland-marine-insurance/index.html", failed with error code 404 (not found)
8/8/23, 10:46:44 AM - ERROR: Download of "https://dycusinsurance.com/xmlrpc.php?rsd", referred from "/Users/jwogrady/Downloads/us.sitesucker.mac.sitesucker/dycusinsurance.com/business-insurance/surety-bond/index.html", failed with error code 403 (forbidden)
8/8/23, 10:46:44 AM - ERROR: Download of "https://dycusinsurance.com/xmlrpc.php?rsd", referred from "/Users/jwogrady/Downloads/us.sitesucker.mac.sitesucker/dycusinsurance.com/business-insurance/inland-marine-insurance/index.html", failed with error code 403 (forbidden)
8/8/23, 10:46:45 AM - ERROR: Download of "https://dycusinsurance.com/wp-content/themes/activeagency/css/fonts/iconsmind.svg", referred from "/Users/jwogrady/Downloads/us.sitesucker.mac.sitesucker/dycusinsurance.com/wp-content/cache/min/1/wp-content/themes/activeagency/css/iconsmind-core﹖ver=1689913416.css", failed with error code 404 (not found)
8/8/23, 10:46:45 AM - ERROR: Download of "https://fonts.googleapis.com", referred from "/Users/jwogrady/Downloads/us.sitesucker.mac.sitesucker/dycusinsurance.com/personal-insurance/sr-22/index.html", failed with error code 404 (not found)
8/8/23, 10:46:45 AM - ERROR: Download of "https://b3209906.smushcdn.com", referred from "/Users/jwogrady/Downloads/us.sitesucker.mac.sitesucker/dycusinsurance.com/personal-insurance/sr-22/index.html", failed with error code 403 (forbidden)
8/8/23, 10:46:45 AM - ERROR: Download of "https://fonts.gstatic.com", referred from "/Users/jwogrady/Downloads/us.sitesucker.mac.sitesucker/dycusinsurance.com/personal-insurance/sr-22/index.html", failed with error code 404 (not found)
8/8/23, 10:46:45 AM - ERROR: Download of "https://dycusinsurance.com/xmlrpc.php?rsd", referred from "/Users/jwogrady/Downloads/us.sitesucker.mac.sitesucker/dycusinsurance.com/personal-insurance/sr-22/index.html", failed with error code 403 (forbidden)
8/8/23, 10:46:47 AM - ERROR: Download of "https://fonts.googleapis.com", referred from "/Users/jwogrady/Downloads/us.sitesucker.mac.sitesucker/dycusinsurance.com/about-our-agency/meet-our-team/team-member/gary-dycus/index.html", failed with error code 404 (not found)
8/8/23, 10:46:47 AM - ERROR: Download of "https://b3209906.smushcdn.com", referred from "/Users/jwogrady/Downloads/us.sitesucker.mac.sitesucker/dycusinsurance.com/about-our-agency/meet-our-team/team-member/gary-dycus/index.html", failed with error code 403 (forbidden)
8/8/23, 10:46:47 AM - ERROR: Download of "https://fonts.gstatic.com", referred from "/Users/jwogrady/Downloads/us.sitesucker.mac.sitesucker/dycusinsurance.com/about-our-agency/meet-our-team/team-member/gary-dycus/index.html", failed with error code 404 (not found)
8/8/23, 10:46:47 AM - ERROR: Download of "https://fonts.googleapis.com", referred from "/Users/jwogrady/Downloads/us.sitesucker.mac.sitesucker/dycusinsurance.com/about-our-agency/meet-our-team/team-member/patricia-dycus/index.html", failed with error code 404 (not found)
8/8/23, 10:46:47 AM - ERROR: Download of "https://b3209906.smushcdn.com", referred from "/Users/jwogrady/Downloads/us.sitesucker.mac.sitesucker/dycusinsurance.com/about-our-agency/meet-our-team/team-member/patricia-dycus/index.html", failed with error code 403 (forbidden)
8/8/23, 10:46:47 AM - ERROR: Download of "https://fonts.gstatic.com", referred from "/Users/jwogrady/Downloads/us.sitesucker.mac.sitesucker/dycusinsurance.com/about-our-agency/meet-our-team/team-member/patricia-dycus/index.html", failed with error code 404 (not found)
8/8/23, 10:46:47 AM - ERROR: Download of "https://dycusinsurance.com/xmlrpc.php?rsd", referred from "/Users/jwogrady/Downloads/us.sitesucker.mac.sitesucker/dycusinsurance.com/about-our-agency/meet-our-team/team-member/gary-dycus/index.html", failed with error code 403 (forbidden)
8/8/23, 10:46:47 AM - ERROR: Download of "https://dycusinsurance.com/xmlrpc.php?rsd", referred from "/Users/jwogrady/Downloads/us.sitesucker.mac.sitesucker/dycusinsurance.com/about-our-agency/meet-our-team/team-member/patricia-dycus/index.html", failed with error code 403 (forbidden)
8/8/23, 10:46:47 AM - ERROR: Download of "https://fonts.googleapis.com", referred from "/Users/jwogrady/Downloads/us.sitesucker.mac.sitesucker/dycusinsurance.com/about-our-agency/meet-our-team/team-member/jeff-dycus/index.html", failed with error code 404 (not found)
8/8/23, 10:46:47 AM - ERROR: Download of "https://b3209906.smushcdn.com", referred from "/Users/jwogrady/Downloads/us.sitesucker.mac.sitesucker/dycusinsurance.com/about-our-agency/meet-our-team/team-member/jeff-dycus/index.html", failed with error code 403 (forbidden)
8/8/23, 10:46:47 AM - ERROR: Download of "https://fonts.gstatic.com", referred from "/Users/jwogrady/Downloads/us.sitesucker.mac.sitesucker/dycusinsurance.com/about-our-agency/meet-our-team/team-member/jeff-dycus/index.html", failed with error code 404 (not found)
8/8/23, 10:46:47 AM - ERROR: Download of "https://dycusinsurance.com/xmlrpc.php?rsd", referred from "/Users/jwogrady/Downloads/us.sitesucker.mac.sitesucker/dycusinsurance.com/about-our-agency/meet-our-team/team-member/jeff-dycus/index.html", failed with error code 403 (forbidden)
8/8/23, 10:46:48 AM - ERROR: Download of "https://dycusinsurance.com/?p=14805", referred from "/Users/jwogrady/Downloads/us.sitesucker.mac.sitesucker/dycusinsurance.com/contact/fort-worth-tx-insurance/index.html", failed with error code 404 (not found)
8/8/23, 10:46:48 AM - ERROR: Download of "https://dycusinsurance.com/wp-content/themes/activeagency/css/fonts/iconsmind.svg?qnd6ae", referred from "/Users/jwogrady/Downloads/us.sitesucker.mac.sitesucker/dycusinsurance.com/wp-content/cache/min/1/wp-content/themes/activeagency/css/iconsmind﹖ver=1689913416.css", failed with error code 404 (not found)
8/8/23, 10:46:48 AM - ERROR: Download of "https://dycusinsurance.com/wp-content/themes/activeagency/css/images/select2-spinner.gif", referred from "/Users/jwogrady/Downloads/us.sitesucker.mac.sitesucker/dycusinsurance.com/wp-content/cache/min/1/wp-content/themes/activeagency/css/plugins/select2﹖ver=1689913416.css", failed with error code 404 (not found)
8/8/23, 10:47:00 AM - ERROR: Download of "https://fonts.googleapis.com", referred from "/Users/jwogrady/Downloads/us.sitesucker.mac.sitesucker/dycusinsurance.com/contact/review-us/index﹖aatm_name=Patricia (Trish) Dycus.html", failed with error code 404 (not found)
8/8/23, 10:47:00 AM - ERROR: Download of "https://b3209906.smushcdn.com", referred from "/Users/jwogrady/Downloads/us.sitesucker.mac.sitesucker/dycusinsurance.com/contact/review-us/index﹖aatm_name=Patricia (Trish) Dycus.html", failed with error code 403 (forbidden)
8/8/23, 10:47:00 AM - ERROR: Download of "https://fonts.gstatic.com", referred from "/Users/jwogrady/Downloads/us.sitesucker.mac.sitesucker/dycusinsurance.com/contact/review-us/index﹖aatm_name=Patricia (Trish) Dycus.html", failed with error code 404 (not found)
8/8/23, 10:47:00 AM - ERROR: Download of "https://fonts.googleapis.com", referred from "/Users/jwogrady/Downloads/us.sitesucker.mac.sitesucker/dycusinsurance.com/contact/review-us/index﹖aatm_name=Gary Dycus.html", failed with error code 404 (not found)
8/8/23, 10:47:00 AM - ERROR: Download of "https://b3209906.smushcdn.com", referred from "/Users/jwogrady/Downloads/us.sitesucker.mac.sitesucker/dycusinsurance.com/contact/review-us/index﹖aatm_name=Gary Dycus.html", failed with error code 403 (forbidden)
8/8/23, 10:47:00 AM - ERROR: Download of "https://fonts.gstatic.com", referred from "/Users/jwogrady/Downloads/us.sitesucker.mac.sitesucker/dycusinsurance.com/contact/review-us/index﹖aatm_name=Gary Dycus.html", failed with error code 404 (not found)
8/8/23, 10:47:00 AM - ERROR: Download of "https://dycusinsurance.com/xmlrpc.php?rsd", referred from "/Users/jwogrady/Downloads/us.sitesucker.mac.sitesucker/dycusinsurance.com/contact/review-us/index﹖aatm_name=Patricia (Trish) Dycus.html", failed with error code 403 (forbidden)
8/8/23, 10:47:00 AM - ERROR: Download of "https://dycusinsurance.com/xmlrpc.php?rsd", referred from "/Users/jwogrady/Downloads/us.sitesucker.mac.sitesucker/dycusinsurance.com/contact/review-us/index﹖aatm_name=Gary Dycus.html", failed with error code 403 (forbidden)
8/8/23, 10:47:00 AM - ERROR: Download of "https://fonts.googleapis.com", referred from "/Users/jwogrady/Downloads/us.sitesucker.mac.sitesucker/dycusinsurance.com/contact/review-us/index﹖aatm_name=Jeff Dycus.html", failed with error code 404 (not found)
8/8/23, 10:47:00 AM - ERROR: Download of "https://b3209906.smushcdn.com", referred from "/Users/jwogrady/Downloads/us.sitesucker.mac.sitesucker/dycusinsurance.com/contact/review-us/index﹖aatm_name=Jeff Dycus.html", failed with error code 403 (forbidden)
8/8/23, 10:47:00 AM - ERROR: Download of "https://fonts.gstatic.com", referred from "/Users/jwogrady/Downloads/us.sitesucker.mac.sitesucker/dycusinsurance.com/contact/review-us/index﹖aatm_name=Jeff Dycus.html", failed with error code 404 (not found)
8/8/23, 10:47:00 AM - ERROR: Download of "https://dycusinsurance.com/xmlrpc.php?rsd", referred from "/Users/jwogrady/Downloads/us.sitesucker.mac.sitesucker/dycusinsurance.com/contact/review-us/index﹖aatm_name=Jeff Dycus.html", failed with error code 403 (forbidden)
8/8/23, 10:47:02 AM - ERROR: Download of "https://ssl.gstatic.com/gb/images/a/71060be5b3.png", referred from "/Users/jwogrady/Downloads/us.sitesucker.mac.sitesucker/www.google.com/maps/dir/4420 Perry Lane,+Fort Worth,+TX+76133.html", failed with error code 404 (not found)
8/8/23, 10:47:02 AM - ERROR: Download of "https://ssl.gstatic.com/gb/images/a/e2c0b463b4.png", referred from "/Users/jwogrady/Downloads/us.sitesucker.mac.sitesucker/www.google.com/maps/dir/4420 Perry Lane,+Fort Worth,+TX+76133.html", failed with error code 404 (not found)
8/8/23, 10:47:08 AM - ERROR: Download of "https://dycusinsurance.com/wp-content/themes/activeagency/css/fonts/iconsmind.svg", referred from "/Users/jwogrady/Downloads/us.sitesucker.mac.sitesucker/dycusinsurance.com/wp-content/themes/activeagency/css/iconsmind-core﹖ver=6.1.3.css", failed with error code 404 (not found)
8/8/23, 10:47:08 AM - ERROR: Download of "https://fonts.googleapis.com", referred from "/Users/jwogrady/Downloads/us.sitesucker.mac.sitesucker/dycusinsurance.com/contact/review-us/index﹖aatm_name=Patricia+(Trish)+Dycus.html", failed with error code 404 (not found)
8/8/23, 10:47:08 AM - ERROR: Download of "https://b3209906.smushcdn.com", referred from "/Users/jwogrady/Downloads/us.sitesucker.mac.sitesucker/dycusinsurance.com/contact/review-us/index﹖aatm_name=Patricia+(Trish)+Dycus.html", failed with error code 403 (forbidden)
8/8/23, 10:47:08 AM - ERROR: Download of "https://fonts.gstatic.com", referred from "/Users/jwogrady/Downloads/us.sitesucker.mac.sitesucker/dycusinsurance.com/contact/review-us/index﹖aatm_name=Patricia+(Trish)+Dycus.html", failed with error code 404 (not found)
8/8/23, 10:47:08 AM - ERROR: Download of "https://dycusinsurance.com/xmlrpc.php?rsd", referred from "/Users/jwogrady/Downloads/us.sitesucker.mac.sitesucker/dycusinsurance.com/contact/review-us/index﹖aatm_name=Patricia+(Trish)+Dycus.html", failed with error code 403 (forbidden)
8/8/23, 10:47:08 AM - ERROR: Download of "https://dycusinsurance.com/wp-content/themes/activeagency/css/fonts/iconsmind.svg", referred from "/Users/jwogrady/Downloads/us.sitesucker.mac.sitesucker/dycusinsurance.com/wp-content/themes/activeagency/css/iconsmind-core﹖ver=13.0.5.css", failed with error code 404 (not found)
8/8/23, 10:47:08 AM - ERROR: Download of "https://dycusinsurance.com/wp-content/themes/activeagency/css/fonts/iconsmind.svg?qnd6ae", referred from "/Users/jwogrady/Downloads/us.sitesucker.mac.sitesucker/dycusinsurance.com/wp-content/themes/activeagency/css/iconsmind﹖ver=12.5.css", failed with error code 404 (not found)
8/8/23, 10:47:08 AM - ERROR: Download of "https://fonts.googleapis.com", referred from "/Users/jwogrady/Downloads/us.sitesucker.mac.sitesucker/dycusinsurance.com/contact/review-us/index﹖aatm_name=Gary+Dycus.html", failed with error code 404 (not found)
8/8/23, 10:47:08 AM - ERROR: Download of "https://b3209906.smushcdn.com", referred from "/Users/jwogrady/Downloads/us.sitesucker.mac.sitesucker/dycusinsurance.com/contact/review-us/index﹖aatm_name=Gary+Dycus.html", failed with error code 403 (forbidden)
8/8/23, 10:47:08 AM - ERROR: Download of "https://fonts.gstatic.com", referred from "/Users/jwogrady/Downloads/us.sitesucker.mac.sitesucker/dycusinsurance.com/contact/review-us/index﹖aatm_name=Gary+Dycus.html", failed with error code 404 (not found)
8/8/23, 10:47:08 AM - ERROR: Download of "https://dycusinsurance.com/xmlrpc.php?rsd", referred from "/Users/jwogrady/Downloads/us.sitesucker.mac.sitesucker/dycusinsurance.com/contact/review-us/index﹖aatm_name=Gary+Dycus.html", failed with error code 403 (forbidden)
8/8/23, 10:47:08 AM - ERROR: Download of "https://fonts.googleapis.com", referred from "/Users/jwogrady/Downloads/us.sitesucker.mac.sitesucker/dycusinsurance.com/contact/review-us/index﹖aatm_name=Jeff+Dycus.html", failed with error code 404 (not found)
8/8/23, 10:47:08 AM - ERROR: Download of "https://b3209906.smushcdn.com", referred from "/Users/jwogrady/Downloads/us.sitesucker.mac.sitesucker/dycusinsurance.com/contact/review-us/index﹖aatm_name=Jeff+Dycus.html", failed with error code 403 (forbidden)
8/8/23, 10:47:08 AM - ERROR: Download of "https://fonts.gstatic.com", referred from "/Users/jwogrady/Downloads/us.sitesucker.mac.sitesucker/dycusinsurance.com/contact/review-us/index﹖aatm_name=Jeff+Dycus.html", failed with error code 404 (not found)
8/8/23, 10:47:08 AM - ERROR: Download of "https://dycusinsurance.com/xmlrpc.php?rsd", referred from "/Users/jwogrady/Downloads/us.sitesucker.mac.sitesucker/dycusinsurance.com/contact/review-us/index﹖aatm_name=Jeff+Dycus.html", failed with error code 403 (forbidden)
8/8/23, 10:47:09 AM - ERROR: Download of "https://maps.gstatic.com/consumer/images/icons/1x/tune_blue_900_18dp.png", referred from "/Users/jwogrady/Downloads/us.sitesucker.mac.sitesucker/www.google.com/maps/_/ss/k=maps.m.N3zLO1ijWlU.L.W.O/m=sc2,per,mo,lp,ep,ti,ds,stx,dwi,enr,pwd,dw,pdm,log,std,b/am=BgCFIgAB/d=1/rs=ACT90oH9YAVFDWQR0sqDoBeAkgGT0Az9Lw.css", failed with error code 404 (not found)
8/8/23, 10:47:09 AM - ERROR: Download of "https://maps.gstatic.com/consumer/images/icons/2x/tune_blue_900_18dp.png", referred from "/Users/jwogrady/Downloads/us.sitesucker.mac.sitesucker/www.google.com/maps/_/ss/k=maps.m.N3zLO1ijWlU.L.W.O/m=sc2,per,mo,lp,ep,ti,ds,stx,dwi,enr,pwd,dw,pdm,log,std,b/am=BgCFIgAB/d=1/rs=ACT90oH9YAVFDWQR0sqDoBeAkgGT0Az9Lw.css", failed with error code 404 (not found)
8/8/23, 10:47:10 AM - ERROR: Download of "https://gsuite.google.com/img/logo/lockup_gsuite.svg", referred from "/Users/jwogrady/Downloads/us.sitesucker.mac.sitesucker/tools.google.com/tools/dlpage/res/c/css/dlpage.css", failed with error code 404 (not found)
8/8/23, 10:47:10 AM - ERROR: Download of "https://forge3.com/wp-content/themes/activeagency/css/fonts/iconsmind.svg", referred from "/Users/jwogrady/Downloads/us.sitesucker.mac.sitesucker/forge3.com/wp-content/themes/activeagency/css/iconsmind-core﹖ver=6.1.3.css", failed with error code 404 (not found)
8/8/23, 10:47:10 AM - ERROR: Download of "https://forge3.com/wp-content/themes/activeagency/css/fonts/iconsmind.svg?qnd6ae", referred from "/Users/jwogrady/Downloads/us.sitesucker.mac.sitesucker/forge3.com/wp-content/themes/activeagency/css/iconsmind﹖ver=12.5.css", failed with error code 404 (not found)

---------------------
